INFO:     Started server process [12615]
INFO:     Waiting for application startup.
INFO:httpx:HTTP Request: POST http://localhost:8000/nodes/register "HTTP/1.1 200 OK"
INFO:node.base:[alice-3] Registered → node_id=cfb98de7
INFO:node.base:[alice-3] Started  node_id=cfb98de7 role=sender
INFO:     Application startup complete.
INFO:     Uvicorn running on http://0.0.0.0:8103 (Press CTRL+C to quit)
INFO:     Shutting down
INFO:     Waiting for application shutdown.
INFO:node.base:[alice-3] Stopped
INFO:     Application shutdown complete.
INFO:     Finished server process [12615]
INFO:     Started server process [12720]
INFO:     Waiting for application startup.
INFO:httpx:HTTP Request: POST http://localhost:8000/nodes/register "HTTP/1.1 200 OK"
INFO:node.base:[alice-3] Registered → node_id=440d1e62
INFO:node.base:[alice-3] Started  node_id=440d1e62 role=sender
INFO:     Application startup complete.
INFO:     Uvicorn running on http://0.0.0.0:8103 (Press CTRL+C to quit)
INFO:     127.0.0.1:45008 - "GET /docs HTTP/1.1" 200 OK
INFO:     127.0.0.1:45008 - "GET /openapi.json HTTP/1.1" 200 OK
INFO:httpx:HTTP Request: POST http://localhost:8000/sessions "HTTP/1.1 202 Accepted"
INFO:alice:[Alice] Session f0660280 created n_qubits=200 qkdl=http://localhost:8003
INFO:     127.0.0.1:51266 - "POST /start?receiver_label=bob-3&n_qubits=200&batch_size=10&loss_rate=0&retry_enabled=false HTTP/1.1" 200 OK
INFO:     127.0.0.1:51274 - "POST /webhook HTTP/1.1" 200 OK
INFO:alice:[Alice] Receiver joined f0660280 — starting qubit send
INFO:alice:[Alice] Transmission start session=f0660280 total=200 batch_size=10 n_batches=20 qkdl=http://localhost:8003
INFO:httpx:HTTP Request: GET http://localhost:8000/sessions/f0660280-11fb-4511-b654-3aad2661ff71 "HTTP/1.1 200 OK"
INFO:httpx:HTTP Request: GET http://localhost:8000/sessions/f0660280-11fb-4511-b654-3aad2661ff71/measurements "HTTP/1.1 200 OK"
INFO:httpx:HTTP Request: POST http://localhost:8003/batch/send "HTTP/1.1 200 OK"
INFO:alice:[Alice] Batch 0/19 session=f0660280 batch_delivered=10 total=10
INFO:httpx:HTTP Request: GET http://localhost:8000/sessions/f0660280-11fb-4511-b654-3aad2661ff71 "HTTP/1.1 200 OK"
INFO:httpx:HTTP Request: GET http://localhost:8000/sessions/f0660280-11fb-4511-b654-3aad2661ff71/measurements "HTTP/1.1 200 OK"
INFO:httpx:HTTP Request: POST http://localhost:8003/batch/send "HTTP/1.1 200 OK"
INFO:alice:[Alice] Batch 1/19 session=f0660280 batch_delivered=10 total=20
INFO:httpx:HTTP Request: GET http://localhost:8000/sessions/f0660280-11fb-4511-b654-3aad2661ff71 "HTTP/1.1 200 OK"
INFO:httpx:HTTP Request: GET http://localhost:8000/sessions/f0660280-11fb-4511-b654-3aad2661ff71/measurements "HTTP/1.1 200 OK"
INFO:httpx:HTTP Request: POST http://localhost:8003/batch/send "HTTP/1.1 200 OK"
INFO:alice:[Alice] Batch 2/19 session=f0660280 batch_delivered=10 total=30
INFO:httpx:HTTP Request: GET http://localhost:8000/sessions/f0660280-11fb-4511-b654-3aad2661ff71 "HTTP/1.1 200 OK"
INFO:httpx:HTTP Request: GET http://localhost:8000/sessions/f0660280-11fb-4511-b654-3aad2661ff71/measurements "HTTP/1.1 200 OK"
INFO:httpx:HTTP Request: POST http://localhost:8003/batch/send "HTTP/1.1 200 OK"
INFO:alice:[Alice] Batch 3/19 session=f0660280 batch_delivered=10 total=40
INFO:httpx:HTTP Request: GET http://localhost:8000/sessions/f0660280-11fb-4511-b654-3aad2661ff71 "HTTP/1.1 200 OK"
INFO:httpx:HTTP Request: GET http://localhost:8000/sessions/f0660280-11fb-4511-b654-3aad2661ff71/measurements "HTTP/1.1 200 OK"
INFO:httpx:HTTP Request: POST http://localhost:8003/batch/send "HTTP/1.1 200 OK"
INFO:alice:[Alice] Batch 4/19 session=f0660280 batch_delivered=10 total=50
INFO:httpx:HTTP Request: GET http://localhost:8000/sessions/f0660280-11fb-4511-b654-3aad2661ff71 "HTTP/1.1 200 OK"
INFO:httpx:HTTP Request: GET http://localhost:8000/sessions/f0660280-11fb-4511-b654-3aad2661ff71/measurements "HTTP/1.1 200 OK"
INFO:httpx:HTTP Request: POST http://localhost:8003/batch/send "HTTP/1.1 200 OK"
INFO:alice:[Alice] Batch 5/19 session=f0660280 batch_delivered=10 total=60
INFO:httpx:HTTP Request: GET http://localhost:8000/sessions/f0660280-11fb-4511-b654-3aad2661ff71 "HTTP/1.1 200 OK"
INFO:httpx:HTTP Request: GET http://localhost:8000/sessions/f0660280-11fb-4511-b654-3aad2661ff71/measurements "HTTP/1.1 200 OK"
INFO:httpx:HTTP Request: POST http://localhost:8003/batch/send "HTTP/1.1 200 OK"
INFO:alice:[Alice] Batch 6/19 session=f0660280 batch_delivered=10 total=70
INFO:httpx:HTTP Request: GET http://localhost:8000/sessions/f0660280-11fb-4511-b654-3aad2661ff71 "HTTP/1.1 200 OK"
INFO:httpx:HTTP Request: GET http://localhost:8000/sessions/f0660280-11fb-4511-b654-3aad2661ff71/measurements "HTTP/1.1 200 OK"
INFO:httpx:HTTP Request: POST http://localhost:8003/batch/send "HTTP/1.1 200 OK"
INFO:alice:[Alice] Batch 7/19 session=f0660280 batch_delivered=10 total=80
INFO:httpx:HTTP Request: GET http://localhost:8000/sessions/f0660280-11fb-4511-b654-3aad2661ff71 "HTTP/1.1 200 OK"
INFO:httpx:HTTP Request: GET http://localhost:8000/sessions/f0660280-11fb-4511-b654-3aad2661ff71/measurements "HTTP/1.1 200 OK"
INFO:httpx:HTTP Request: POST http://localhost:8003/batch/send "HTTP/1.1 200 OK"
INFO:alice:[Alice] Batch 8/19 session=f0660280 batch_delivered=10 total=90
INFO:httpx:HTTP Request: GET http://localhost:8000/sessions/f0660280-11fb-4511-b654-3aad2661ff71 "HTTP/1.1 200 OK"
INFO:httpx:HTTP Request: GET http://localhost:8000/sessions/f0660280-11fb-4511-b654-3aad2661ff71/measurements "HTTP/1.1 200 OK"
INFO:httpx:HTTP Request: POST http://localhost:8003/batch/send "HTTP/1.1 200 OK"
INFO:alice:[Alice] Batch 9/19 session=f0660280 batch_delivered=10 total=100
INFO:httpx:HTTP Request: GET http://localhost:8000/sessions/f0660280-11fb-4511-b654-3aad2661ff71 "HTTP/1.1 200 OK"
INFO:httpx:HTTP Request: GET http://localhost:8000/sessions/f0660280-11fb-4511-b654-3aad2661ff71/measurements "HTTP/1.1 200 OK"
INFO:httpx:HTTP Request: POST http://localhost:8003/batch/send "HTTP/1.1 200 OK"
INFO:alice:[Alice] Batch 10/19 session=f0660280 batch_delivered=10 total=110
INFO:httpx:HTTP Request: GET http://localhost:8000/sessions/f0660280-11fb-4511-b654-3aad2661ff71 "HTTP/1.1 200 OK"
INFO:httpx:HTTP Request: GET http://localhost:8000/sessions/f0660280-11fb-4511-b654-3aad2661ff71/measurements "HTTP/1.1 200 OK"
INFO:httpx:HTTP Request: POST http://localhost:8003/batch/send "HTTP/1.1 200 OK"
INFO:alice:[Alice] Batch 11/19 session=f0660280 batch_delivered=10 total=120
INFO:httpx:HTTP Request: GET http://localhost:8000/sessions/f0660280-11fb-4511-b654-3aad2661ff71 "HTTP/1.1 200 OK"
INFO:httpx:HTTP Request: GET http://localhost:8000/sessions/f0660280-11fb-4511-b654-3aad2661ff71/measurements "HTTP/1.1 200 OK"
INFO:httpx:HTTP Request: POST http://localhost:8003/batch/send "HTTP/1.1 200 OK"
INFO:alice:[Alice] Batch 12/19 session=f0660280 batch_delivered=10 total=130
INFO:httpx:HTTP Request: GET http://localhost:8000/sessions/f0660280-11fb-4511-b654-3aad2661ff71 "HTTP/1.1 200 OK"
INFO:httpx:HTTP Request: GET http://localhost:8000/sessions/f0660280-11fb-4511-b654-3aad2661ff71/measurements "HTTP/1.1 200 OK"
INFO:httpx:HTTP Request: POST http://localhost:8003/batch/send "HTTP/1.1 200 OK"
INFO:alice:[Alice] Batch 13/19 session=f0660280 batch_delivered=10 total=140
INFO:httpx:HTTP Request: GET http://localhost:8000/sessions/f0660280-11fb-4511-b654-3aad2661ff71 "HTTP/1.1 200 OK"
INFO:httpx:HTTP Request: GET http://localhost:8000/sessions/f0660280-11fb-4511-b654-3aad2661ff71/measurements "HTTP/1.1 200 OK"
INFO:httpx:HTTP Request: POST http://localhost:8003/batch/send "HTTP/1.1 200 OK"
INFO:alice:[Alice] Batch 14/19 session=f0660280 batch_delivered=10 total=150
INFO:httpx:HTTP Request: GET http://localhost:8000/sessions/f0660280-11fb-4511-b654-3aad2661ff71 "HTTP/1.1 200 OK"
INFO:httpx:HTTP Request: GET http://localhost:8000/sessions/f0660280-11fb-4511-b654-3aad2661ff71/measurements "HTTP/1.1 200 OK"
INFO:httpx:HTTP Request: POST http://localhost:8003/batch/send "HTTP/1.1 200 OK"
INFO:alice:[Alice] Batch 15/19 session=f0660280 batch_delivered=10 total=160
INFO:httpx:HTTP Request: GET http://localhost:8000/sessions/f0660280-11fb-4511-b654-3aad2661ff71 "HTTP/1.1 200 OK"
INFO:httpx:HTTP Request: GET http://localhost:8000/sessions/f0660280-11fb-4511-b654-3aad2661ff71/measurements "HTTP/1.1 200 OK"
INFO:httpx:HTTP Request: POST http://localhost:8003/batch/send "HTTP/1.1 200 OK"
INFO:alice:[Alice] Batch 16/19 session=f0660280 batch_delivered=10 total=170
INFO:httpx:HTTP Request: GET http://localhost:8000/sessions/f0660280-11fb-4511-b654-3aad2661ff71 "HTTP/1.1 200 OK"
INFO:httpx:HTTP Request: GET http://localhost:8000/sessions/f0660280-11fb-4511-b654-3aad2661ff71/measurements "HTTP/1.1 200 OK"
INFO:httpx:HTTP Request: POST http://localhost:8003/batch/send "HTTP/1.1 200 OK"
INFO:alice:[Alice] Batch 17/19 session=f0660280 batch_delivered=10 total=180
INFO:httpx:HTTP Request: GET http://localhost:8000/sessions/f0660280-11fb-4511-b654-3aad2661ff71 "HTTP/1.1 200 OK"
INFO:httpx:HTTP Request: GET http://localhost:8000/sessions/f0660280-11fb-4511-b654-3aad2661ff71/measurements "HTTP/1.1 200 OK"
INFO:httpx:HTTP Request: GET http://localhost:8000/sessions/f0660280-11fb-4511-b654-3aad2661ff71 "HTTP/1.1 200 OK"
INFO:httpx:HTTP Request: POST http://localhost:8003/batch/send "HTTP/1.1 200 OK"
INFO:alice:[Alice] Batch 18/19 session=f0660280 batch_delivered=10 total=190
INFO:httpx:HTTP Request: GET http://localhost:8000/sessions/f0660280-11fb-4511-b654-3aad2661ff71/measurements "HTTP/1.1 200 OK"
INFO:httpx:HTTP Request: GET http://localhost:8000/sessions/f0660280-11fb-4511-b654-3aad2661ff71 "HTTP/1.1 200 OK"
INFO:httpx:HTTP Request: GET http://localhost:8000/sessions/f0660280-11fb-4511-b654-3aad2661ff71/measurements "HTTP/1.1 200 OK"
INFO:httpx:HTTP Request: POST http://localhost:8003/batch/send "HTTP/1.1 200 OK"
INFO:alice:[Alice] Batch 19/19 session=f0660280 batch_delivered=10 total=200
INFO:alice:[Alice] All batches sent session=f0660280 delivered=200/200
INFO:     127.0.0.1:43906 - "POST /webhook HTTP/1.1" 200 OK
INFO:alice:[Alice] measurements_ready → sifting f0660280 n=200
INFO:httpx:HTTP Request: GET http://localhost:8000/sessions/f0660280-11fb-4511-b654-3aad2661ff71/measurements "HTTP/1.1 200 OK"
INFO:alice:[Alice] Sifting session=f0660280 raw_meas_count=200
INFO:alice:[Alice] Sifting done session=f0660280 n_sifted=101/200
INFO:httpx:HTTP Request: POST http://localhost:8000/sessions/f0660280-11fb-4511-b654-3aad2661ff71/sift "HTTP/1.1 202 Accepted"
INFO:alice:[Alice] QBER=0.00% session=f0660280 threshold=11.0%
INFO:httpx:HTTP Request: POST http://localhost:8000/sessions/f0660280-11fb-4511-b654-3aad2661ff71/key "HTTP/1.1 200 OK"
INFO:alice:[Alice] Key posted session=f0660280 QBER=0.00% key_len=81
INFO:     Shutting down
INFO:     Waiting for application shutdown.
INFO:node.base:[alice-3] Stopped
INFO:     Application shutdown complete.
INFO:     Finished server process [12720]
