ERROR:    [Errno 98] error while attempting to bind on address ('0.0.0.0', 8003): address already in use
ERROR:    [Errno 98] error while attempting to bind on address ('0.0.0.0', 8003): address already in use
ERROR:    [Errno 98] error while attempting to bind on address ('0.0.0.0', 8003): address already in use
2026-05-18 23:03:56,000: [QKDL] *** Eve registered as interceptor session=8b15f0e6 label=eve-1 ***
ERROR:    [Errno 98] error while attempting to bind on address ('0.0.0.0', 8003): address already in use
ERROR:    [Errno 98] error while attempting to bind on address ('0.0.0.0', 8003): address already in use
2026-05-22 23:51:43,211: [QKDL] *** Eve registered as interceptor session=66d7a241 label=eve-1 ***
2026-05-22 23:52:08,992: [QKDL] *** Eve registered as interceptor session=6def5c8f label=eve-1 ***
2026-05-22 23:52:42,334: [QKDL] *** Eve registered as interceptor session=e2d184e9 label=eve-1 ***
2026-05-22 23:53:16,311: [QKDL] *** Eve registered as interceptor session=748e0357 label=eve-1 ***
2026-05-22 23:53:57,865: [QKDL] *** Eve registered as interceptor session=7a9a31ff label=eve-1 ***
2026-05-22 23:54:39,639: [QKDL] *** Eve registered as interceptor session=c131daf7 label=eve-1 ***
ERROR:    [Errno 98] error while attempting to bind on address ('0.0.0.0', 8003): address already in use
ERROR:    [Errno 98] error while attempting to bind on address ('0.0.0.0', 8003): address already in use
2026-05-23 21:34:16,309: [QKDL] *** Eve registered as interceptor session=5589310b label=eve-1 ***
2026-05-23 21:34:35,640: [QKDL] *** Eve registered as interceptor session=1161fad6 label=eve-1 ***
2026-05-23 21:35:14,703: [QKDL] *** Eve registered as interceptor session=0780281a label=eve-1 ***
2026-05-23 21:37:09,218: [QKDL] *** Eve registered as interceptor session=168c5421 label=eve-1 ***
2026-05-23 21:38:29,450: [QKDL] *** Eve registered as interceptor session=4fd656a5 label=eve-1 ***
2026-05-23 21:40:54,477: [QKDL] *** Eve registered as interceptor session=f9baee40 label=eve-1 ***
2026-05-23 21:41:20,003: [QKDL] *** Eve registered as interceptor session=069ab1d7 label=eve-1 ***
2026-05-23 21:41:41,377: [QKDL] *** Eve registered as interceptor session=ca877248 label=eve-1 ***
2026-05-23 21:42:10,933: [QKDL] *** Eve registered as interceptor session=2cea8da1 label=eve-1 ***
2026-05-23 21:42:40,427: [QKDL] *** Eve registered as interceptor session=64d47892 label=eve-1 ***
2026-05-23 21:43:20,104: [QKDL] *** Eve registered as interceptor session=b485f234 label=eve-1 ***
2026-05-23 21:43:57,594: [QKDL] *** Eve registered as interceptor session=b7ff3239 label=eve-1 ***
2026-05-23 21:45:13,621: [QKDL] *** Eve registered as interceptor session=2b13efb7 label=eve-1 ***
2026-05-23 21:46:33,688: [QKDL] *** Eve registered as interceptor session=67adf9d5 label=eve-1 ***
2026-05-23 21:48:58,959: [QKDL] *** Eve registered as interceptor session=f4f085b9 label=eve-1 ***
2026-05-23 21:51:27,571: [QKDL] *** Eve registered as interceptor session=ec500396 label=eve-1 ***
2026-05-23 21:51:53,111: [QKDL] *** Eve registered as interceptor session=64da5868 label=eve-1 ***
2026-05-23 21:52:14,582: [QKDL] *** Eve registered as interceptor session=02a0a759 label=eve-1 ***
2026-05-23 21:52:44,063: [QKDL] *** Eve registered as interceptor session=ee8224bc label=eve-1 ***
2026-05-23 21:53:13,531: [QKDL] *** Eve registered as interceptor session=2615b354 label=eve-1 ***
2026-05-23 21:53:53,147: [QKDL] *** Eve registered as interceptor session=82e14a7b label=eve-1 ***
2026-05-23 21:54:32,715: [QKDL] *** Eve registered as interceptor session=627dc29d label=eve-1 ***
2026-05-23 21:55:50,858: [QKDL] *** Eve registered as interceptor session=09df3c8c label=eve-1 ***
2026-05-23 21:57:10,953: [QKDL] *** Eve registered as interceptor session=a620184e label=eve-1 ***
2026-05-23 21:59:35,874: [QKDL] *** Eve registered as interceptor session=47af4690 label=eve-1 ***
2026-05-23 22:02:04,891: [QKDL] *** Eve registered as interceptor session=e4db18b9 label=eve-1 ***
2026-05-23 22:02:45,117: [QKDL] *** Eve registered as interceptor session=561448d3 label=eve-1 ***
2026-05-23 22:03:10,803: [QKDL] *** Eve registered as interceptor session=f54bc4b5 label=eve-1 ***
2026-05-23 22:03:53,110: [QKDL] *** Eve registered as interceptor session=6bf426fd label=eve-1 ***
2026-05-23 22:04:32,985: [QKDL] *** Eve registered as interceptor session=500e86fa label=eve-1 ***
2026-05-23 22:05:23,376: [QKDL] *** Eve registered as interceptor session=d024550e label=eve-1 ***
2026-05-23 22:06:15,145: [QKDL] *** Eve registered as interceptor session=062428e5 label=eve-1 ***
2026-05-23 22:08:07,090: [QKDL] *** Eve registered as interceptor session=3ad4b56b label=eve-1 ***
2026-05-23 22:10:00,360: [QKDL] *** Eve registered as interceptor session=3fd0d2c4 label=eve-1 ***
2026-05-23 22:13:32,955: [QKDL] *** Eve registered as interceptor session=409cebfd label=eve-1 ***
2026-05-23 22:18:15,477: [QKDL] *** Eve registered as interceptor session=c02511c9 label=eve-1 ***
ERROR:    [Errno 98] error while attempting to bind on address ('0.0.0.0', 8003): address already in use
ERROR:    [Errno 98] error while attempting to bind on address ('0.0.0.0', 8003): address already in use
ERROR:    [Errno 98] error while attempting to bind on address ('0.0.0.0', 8003): address already in use
2026-05-24 18:06:32,543: [QKDL] *** Eve registered as interceptor session=3c51b306 label=eve-1 ***
ERROR:    [Errno 98] error while attempting to bind on address ('0.0.0.0', 8003): address already in use
ERROR:    [Errno 98] error while attempting to bind on address ('0.0.0.0', 8003): address already in use
ERROR:    [Errno 98] error while attempting to bind on address ('0.0.0.0', 8003): address already in use
ERROR:    [Errno 98] error while attempting to bind on address ('0.0.0.0', 8003): address already in use
ERROR:    [Errno 98] error while attempting to bind on address ('0.0.0.0', 8003): address already in use
2026-05-25 23:19:55,507: [QKDL] *** Eve registered as interceptor session=87a282e8 label=eve-1 ***
2026-05-25 23:20:15,390: [QKDL] *** Eve registered as interceptor session=2f9bb5d1 label=eve-1 ***
2026-05-25 23:23:21,687: [QKDL] *** Eve registered as interceptor session=66388de9 label=eve-1 ***
2026-05-25 23:23:31,882: [QKDL] *** Eve registered as interceptor session=16c78894 label=eve-1 ***
ERROR:    [Errno 98] error while attempting to bind on address ('0.0.0.0', 8003): address already in use
ERROR:    [Errno 98] error while attempting to bind on address ('0.0.0.0', 8003): address already in use
ERROR:    [Errno 98] error while attempting to bind on address ('0.0.0.0', 8003): address already in use
ERROR:    [Errno 98] error while attempting to bind on address ('0.0.0.0', 8003): address already in use
Traceback (most recent call last):
  File "<frozen runpy>", line 198, in _run_module_as_main
  File "<frozen runpy>", line 88, in _run_code
  File "/home/mey/venv313/lib/python3.13/site-packages/uvicorn/__main__.py", line 4, in <module>
    uvicorn.main()
    ~~~~~~~~~~~~^^
  File "/home/mey/venv313/lib/python3.13/site-packages/click/core.py", line 1485, in __call__
    return self.main(*args, **kwargs)
           ~~~~~~~~~^^^^^^^^^^^^^^^^^
  File "/home/mey/venv313/lib/python3.13/site-packages/click/core.py", line 1406, in main
    rv = self.invoke(ctx)
  File "/home/mey/venv313/lib/python3.13/site-packages/click/core.py", line 1269, in invoke
    return ctx.invoke(self.callback, **ctx.params)
           ~~~~~~~~~~^^^^^^^^^^^^^^^^^^^^^^^^^^^^^
  File "/home/mey/venv313/lib/python3.13/site-packages/click/core.py", line 824, in invoke
    return callback(*args, **kwargs)
  File "/home/mey/venv313/lib/python3.13/site-packages/uvicorn/main.py", line 433, in main
    run(
    ~~~^
        app,
        ^^^^
    ...<47 lines>...
        h11_max_incomplete_event_size=h11_max_incomplete_event_size,
        ^^^^^^^^^^^^^^^^^^^^^^^^^^^^^^^^^^^^^^^^^^^^^^^^^^^^^^^^^^^^
    )
    ^
  File "/home/mey/venv313/lib/python3.13/site-packages/uvicorn/main.py", line 606, in run
    server.run()
    ~~~~~~~~~~^^
  File "/home/mey/venv313/lib/python3.13/site-packages/uvicorn/server.py", line 75, in run
    return asyncio_run(self.serve(sockets=sockets), loop_factory=self.config.get_loop_factory())
  File "/home/mey/.pyenv/versions/3.13.0/lib/python3.13/asyncio/runners.py", line 194, in run
    return runner.run(main)
           ~~~~~~~~~~^^^^^^
  File "/home/mey/.pyenv/versions/3.13.0/lib/python3.13/asyncio/runners.py", line 118, in run
    return self._loop.run_until_complete(task)
           ~~~~~~~~~~~~~~~~~~~~~~~~~~~~~^^^^^^
  File "uvloop/loop.pyx", line 1518, in uvloop.loop.Loop.run_until_complete
  File "/home/mey/venv313/lib/python3.13/site-packages/uvicorn/server.py", line 79, in serve
    await self._serve(sockets)
  File "/home/mey/venv313/lib/python3.13/site-packages/uvicorn/server.py", line 86, in _serve
    config.load()
    ~~~~~~~~~~~^^
  File "/home/mey/venv313/lib/python3.13/site-packages/uvicorn/config.py", line 441, in load
    self.loaded_app = import_from_string(self.app)
                      ~~~~~~~~~~~~~~~~~~^^^^^^^^^^
  File "/home/mey/venv313/lib/python3.13/site-packages/uvicorn/importer.py", line 19, in import_from_string
    module = importlib.import_module(module_str)
  File "/home/mey/.pyenv/versions/3.13.0/lib/python3.13/importlib/__init__.py", line 88, in import_module
    return _bootstrap._gcd_import(name[level:], package, level)
           ~~~~~~~~~~~~~~~~~~~~~~^^^^^^^^^^^^^^^^^^^^^^^^^^^^^^
  File "<frozen importlib._bootstrap>", line 1387, in _gcd_import
  File "<frozen importlib._bootstrap>", line 1360, in _find_and_load
  File "<frozen importlib._bootstrap>", line 1331, in _find_and_load_unlocked
  File "<frozen importlib._bootstrap>", line 935, in _load_unlocked
  File "<frozen importlib._bootstrap_external>", line 1018, in exec_module
  File "<frozen importlib._bootstrap_external>", line 1156, in get_code
  File "<frozen importlib._bootstrap_external>", line 1086, in source_to_code
  File "<frozen importlib._bootstrap>", line 488, in _call_with_frames_removed
  File "/home/mey/projects/v5/qunetsim_service.py", line 2
    from __future__ import annotations
    ^^^^^^^^^^^^^^^^^^^^^^^^^^^^^^^^^^
SyntaxError: from __future__ imports must occur at the beginning of the file
ERROR:    [Errno 98] error while attempting to bind on address ('0.0.0.0', 8003): address already in use
